<?xml version="1.0" encoding="UTF-8"?>
<!-- Generated by org.testng.reporters.JUnitReportReporter -->
<testsuite hostname="Amruthas-MacBook-Air.local" name="com.apex.customerServiceTest.PostTest" tests="1" failures="0" timestamp="6 Dec 2019 07:47:28 GMT" time="0.766" errors="0">
  <testcase name="sendPOST" time="0.766" classname="com.apex.customerServiceTest.PostTest"/>
</testsuite> <!-- com.apex.customerServiceTest.PostTest -->
