<?xml version="1.0" encoding="UTF-8"?>
<!-- Generated by org.testng.reporters.JUnitReportReporter -->
<testsuite hostname="Amruthas-MacBook-Air.local" name="com.apex.customerServiceTest.CustomerServiceTest_NG" tests="4" failures="0" timestamp="5 Dec 2019 07:51:31 GMT" time="2.403" errors="0">
  <testcase name="testwithNegativeNumber" time="0.389" classname="com.apex.customerServiceTest.CustomerServiceTest_NG"/>
  <testcase name="testwithInvalidData" time="1.237" classname="com.apex.customerServiceTest.CustomerServiceTest_NG"/>
  <testcase name="testwithSpecialCharacters" time="0.389" classname="com.apex.customerServiceTest.CustomerServiceTest_NG"/>
  <testcase name="testwithPositiveNumber" time="0.388" classname="com.apex.customerServiceTest.CustomerServiceTest_NG"/>
</testsuite> <!-- com.apex.customerServiceTest.CustomerServiceTest_NG -->
