<?xml version="1.0" encoding="UTF-8"?>
<!-- Generated by org.testng.reporters.JUnitReportReporter -->
<testsuite hostname="Amruthas-MacBook-Air.local" name="com.apex.customerServiceTest.PutService" tests="1" failures="0" timestamp="5 Dec 2019 21:12:30 GMT" time="1.681" errors="0">
  <testcase name="testwithPositiveNumberPut" time="1.681" classname="com.apex.customerServiceTest.PutService"/>
</testsuite> <!-- com.apex.customerServiceTest.PutService -->
