<?xml version="1.0" encoding="UTF-8"?>
<!-- Generated by org.testng.reporters.JUnitReportReporter -->
<testsuite hostname="Amruthas-MacBook-Air.local" name="com.apex.customerServiceTest.PutTest" tests="1" failures="0" timestamp="6 Dec 2019 23:49:55 GMT" time="4.512" errors="0">
  <testcase name="testwithPositiveNumberPut" time="4.512" classname="com.apex.customerServiceTest.PutTest"/>
</testsuite> <!-- com.apex.customerServiceTest.PutTest -->
