<?xml version="1.0" encoding="UTF-8"?>
<!-- Generated by org.testng.reporters.JUnitReportReporter -->
<testsuite hostname="Amruthas-MacBook-Air.local" name="com.apex.customerServiceTest.PostService" tests="1" failures="0" timestamp="5 Dec 2019 20:57:10 GMT" time="4.507" errors="0">
  <testcase name="sendPOST" time="4.507" classname="com.apex.customerServiceTest.PostService"/>
</testsuite> <!-- com.apex.customerServiceTest.PostService -->
