<?xml version="1.0" encoding="UTF-8"?>
<!-- Generated by org.testng.reporters.JUnitReportReporter -->
<testsuite hostname="Amruthas-MacBook-Air.local" name="com.apex.customerServiceTest.PostTest" tests="1" failures="0" timestamp="9 Dec 2019 20:35:56 GMT" time="0.391" errors="0">
  <testcase name="sendPOST" time="0.391" classname="com.apex.customerServiceTest.PostTest"/>
</testsuite> <!-- com.apex.customerServiceTest.PostTest -->
