<?xml version="1.0" encoding="UTF-8"?>
<!-- Generated by org.testng.reporters.JUnitReportReporter -->
<testsuite hostname="Amruthas-MacBook-Air.local" name="com.qa.tests.PostAPITest" tests="1" failures="0" timestamp="26 Nov 2019 01:56:59 GMT" time="4.956" errors="0">
  <testcase name="postAPITest" time="4.956" classname="com.qa.tests.PostAPITest"/>
</testsuite> <!-- com.qa.tests.PostAPITest -->
