<?xml version="1.0" encoding="UTF-8"?>
<!-- Generated by org.testng.reporters.JUnitReportReporter -->
<testsuite hostname="Amruthas-MacBook-Air.local" name="com.qa.tests.GetAPITest" tests="1" failures="0" timestamp="25 Nov 2019 16:55:24 GMT" time="1.412" errors="0">
  <testcase name="getTest" time="1.412" classname="com.qa.tests.GetAPITest"/>
</testsuite> <!-- com.qa.tests.GetAPITest -->
