<?xml version="1.0" encoding="UTF-8"?>
<!-- Generated by org.testng.reporters.JUnitReportReporter -->
<testsuite skipped="0" hostname="Amruthas-MacBook-Air.local" name="com.qa.rest.tests.Get_Request_TC002" tests="1" failures="0" timestamp="27 Nov 2019 19:02:14 GMT" time="2.603" errors="0">
  <testcase name="AuthorizationTest" time="2.603" classname="com.qa.rest.tests.Get_Request_TC002"/>
</testsuite> <!-- com.qa.rest.tests.Get_Request_TC002 -->
