<?xml version="1.0" encoding="UTF-8"?>
<!-- Generated by org.testng.reporters.JUnitReportReporter -->
<testsuite skipped="0" hostname="Amruthas-MacBook-Air.local" name="com.qa.rest.tests.Get_Request_TC001" tests="2" failures="0" timestamp="27 Nov 2019 18:47:58 GMT" time="4.367" errors="0">
  <testcase name="getweatherDetails" time="3.754" classname="com.qa.rest.tests.Get_Request_TC001"/>
  <testcase name="googleMapTest" time="0.613" classname="com.qa.rest.tests.Get_Request_TC001"/>
</testsuite> <!-- com.qa.rest.tests.Get_Request_TC001 -->
