<?xml version="1.0" encoding="UTF-8"?>
<!-- Generated by org.testng.reporters.JUnitReportReporter -->
<testsuite skipped="0" hostname="Amruthas-MacBook-Air.local" name="com.qa.rest.tests.Post_Request" tests="1" failures="0" timestamp="27 Nov 2019 04:40:45 GMT" time="3.694" errors="0">
  <testcase name="RegistrationSuccessful" time="3.694" classname="com.qa.rest.tests.Post_Request"/>
</testsuite> <!-- com.qa.rest.tests.Post_Request -->
