<?xml version="1.0" encoding="UTF-8"?>
<!-- Generated by org.testng.reporters.JUnitReportReporter -->
<testsuite skipped="0" hostname="Amruthas-MacBook-Air.local" name="datadriventesting.DataDrivenTest_AddNewEmplyees" tests="1" failures="0" timestamp="29 Nov 2019 00:05:13 GMT" time="2.738" errors="0">
  <testcase name="postNewEmployees" time="2.738" classname="datadriventesting.DataDrivenTest_AddNewEmplyees"/>
</testsuite> <!-- datadriventesting.DataDrivenTest_AddNewEmplyees -->
