<?xml version="1.0" encoding="UTF-8"?>
<!-- Generated by org.testng.reporters.JUnitReportReporter -->
<testsuite hostname="Amruthas-MacBook-Air.local" name="com.apex.customerServiceTest.PutTest" tests="1" failures="0" timestamp="7 Dec 2019 07:07:32 GMT" time="0.951" errors="0">
  <testcase name="updatePositiveNumberWithPut" time="0.951" classname="com.apex.customerServiceTest.PutTest"/>
</testsuite> <!-- com.apex.customerServiceTest.PutTest -->
