<?xml version="1.0" encoding="UTF-8"?>
<!-- Generated by org.testng.reporters.JUnitReportReporter -->
<testsuite hostname="Amruthas-MacBook-Air.local" name="com.apex.customerServiceTest.PostDDTest" tests="2" failures="0" timestamp="11 Dec 2019 02:27:20 GMT" time="0.086" errors="0">
  <testcase name="testWithPositiveNumber" time="0.011" classname="com.apex.customerServiceTest.PostDDTest"/>
  <testcase name="testWithPositiveNumber" time="0.075" classname="com.apex.customerServiceTest.PostDDTest"/>
</testsuite> <!-- com.apex.customerServiceTest.PostDDTest -->
