<?xml version="1.0" encoding="UTF-8"?>
<!-- Generated by org.testng.reporters.JUnitReportReporter -->
<testsuite hostname="Amruthas-MacBook-Air.local" name="com.apex.customerServiceTest.PostTest" tests="1" failures="0" timestamp="7 Dec 2019 18:02:14 GMT" time="1.312" errors="0">
  <testcase name="sendPOST" time="1.312" classname="com.apex.customerServiceTest.PostTest"/>
</testsuite> <!-- com.apex.customerServiceTest.PostTest -->
