<?xml version="1.0" encoding="UTF-8"?>
<!-- Generated by org.testng.reporters.JUnitReportReporter -->
<testsuite hostname="Amruthas-MacBook-Air.local" name="com.apex.customerServiceTest.DeleteTest" tests="1" failures="0" timestamp="7 Dec 2019 18:02:32 GMT" time="1.446" errors="0">
  <testcase name="deleteRecord" time="1.446" classname="com.apex.customerServiceTest.DeleteTest"/>
</testsuite> <!-- com.apex.customerServiceTest.DeleteTest -->
