<?xml version="1.0" encoding="UTF-8"?>
<!-- Generated by org.testng.reporters.JUnitReportReporter -->
<testsuite hostname="Amruthas-MacBook-Air.local" name="com.apex.customerServiceTest.CustomerApiPOST_usingParser" tests="2" failures="0" timestamp="11 Dec 2019 02:27:09 GMT" time="0.206" errors="0">
  <testcase name="testWithPositiveNumber" time="0.009" classname="com.apex.customerServiceTest.CustomerApiPOST_usingParser"/>
  <testcase name="testWithPositiveNumber" time="0.197" classname="com.apex.customerServiceTest.CustomerApiPOST_usingParser"/>
</testsuite> <!-- com.apex.customerServiceTest.CustomerApiPOST_usingParser -->
