<?xml version="1.0" encoding="UTF-8"?>
<!-- Generated by org.testng.reporters.JUnitReportReporter -->
<testsuite hostname="Amruthas-MacBook-Air.local" name="com.apex.customerServiceTest.GetJaxBTest" tests="1" failures="0" timestamp="10 Dec 2019 21:42:32 GMT" time="1.342" errors="0">
  <testcase name="testwithSuccessData" time="1.342" classname="com.apex.customerServiceTest.GetJaxBTest"/>
</testsuite> <!-- com.apex.customerServiceTest.GetJaxBTest -->
